<?xml version="1.0" encoding="UTF-8"?>
<testng-results ignored="1" total="2" passed="1" failed="0" skipped="0">
  <reporter-output>
    <line>
      <![CDATA[createcustomer]]>
    </line>
  </reporter-output>
  <suite started-at="2023-08-26T12:53:18 IST" name="Default suite" finished-at="2023-08-26T12:53:18 IST" duration-ms="91">
    <groups>
    </groups>
    <test started-at="2023-08-26T12:53:18 IST" name="Default test" finished-at="2023-08-26T12:53:18 IST" duration-ms="91">
      <class name="com.actitime.testscripts.CustomerModule">
        <test-method signature="createCustomer()[pri:0, instance:com.actitime.testscripts.CustomerModule@158da8e]" started-at="2023-08-26T12:53:18 IST" name="createCustomer" finished-at="2023-08-26T12:53:18 IST" duration-ms="17" status="PASS">
          <reporter-output>
            <line>
              <![CDATA[createcustomer]]>
            </line>
          </reporter-output>
        </test-method> <!-- createCustomer -->
      </class> <!-- com.actitime.testscripts.CustomerModule -->
    </test> <!-- Default test -->
  </suite> <!-- Default suite -->
</testng-results>
