<?xml version="1.0" encoding="UTF-8"?>
<!-- Generated by org.testng.reporters.JUnitXMLReporter -->
<testsuite ignored="1" hostname="Arjun" failures="0" tests="1" name="Default test" time="0.091" errors="0" timestamp="2023-08-26T12:53:18 IST">
  <testcase classname="com.actitime.testscripts.CustomerModule" name="createCustomer" time="0.017"/>
  <testcase classname="com.actitime.testscripts.CustomerModule" name="deleteCustomer" time="0.0">
    <ignored/>
  </testcase> <!-- deleteCustomer -->
</testsuite> <!-- Default test -->
